num_moves_to_randomize,num_moves_to_solve,num_nodes_created_to_solve,num_nodes_visited_to_solve,wall_time_to_solve,solve_sequence
0,0,2,2,0,
0,0,2,2,0,
0,0,2,2,0,
0,0,2,2,0,
0,0,2,2,0,
0,0,2,2,0,
0,0,2,2,0,
0,0,2,2,0,
0,0,2,2,0,
0,0,2,2,0,
1,1,15,8,0,Up-C;
1,1,15,8,0,Up-C;
1,1,15,6,0,Left-C;
1,1,15,9,1,Down-CC;
1,1,15,5,0,Back-CC;
1,1,15,6,0,Left-C;
1,1,15,5,0,Back-CC;
1,1,15,8,1,Up-C;
1,1,15,8,0,Up-C;
1,1,15,5,0,Back-CC;
2,2,40,20,1,Front-C;Left-C;
2,2,52,36,1,Up-C;Left-C;
2,2,40,26,1,Right-CC;Down-CC;
2,0,2,2,0,
2,2,52,33,1,Left-C;Back-CC;
2,0,2,2,0,
2,2,40,20,3,Front-C;Left-C;
2,2,40,21,0,Front-C;Right-CC;
2,0,2,2,0,
2,0,2,2,0,
3,3,89,67,0,Right-CC;Up-C;Up-C;
3,3,149,120,1,Left-C;Front-C;Left-C;
3,1,15,7,0,Right-CC;
3,3,137,111,1,Front-C;Up-C;Right-CC;
3,3,101,72,1,Front-C;Up-C;Front-C;
3,3,137,112,0,Back-CC;Up-C;Right-CC;
3,3,185,158,0,Right-CC;Front-C;Right-CC;
3,1,15,9,0,Down-CC;
3,3,125,102,0,Right-CC;Up-C;Right-CC;
3,3,161,137,1,Back-CC;Down-CC;Right-CC;
4,2,28,14,0,Up-C;Up-C;
4,2,40,20,0,Left-C;Front-C;
4,4,630,593,1,Front-C;Right-CC;Back-CC;Right-CC;
4,4,2754,2721,8,Down-CC;Front-C;Left-C;Up-C;
4,4,2730,2699,3,Up-C;Back-CC;Right-CC;Down-CC;
4,2,40,21,0,Back-CC;Left-C;
4,2,28,6,0,Front-C;Front-C;
4,4,918,885,1,Left-C;Up-C;Up-C;Back-CC;
4,4,990,952,1,Left-C;Up-C;Front-C;Front-C;
4,4,750,715,1,Front-C;Up-C;Front-C;Down-CC;
5,1,15,6,0,Left-C;
5,3,149,119,0,Right-CC;Front-C;Front-C;
5,1,15,8,0,Up-C;
5,3,317,292,1,Left-C;Down-CC;Back-CC;
5,5,7051,7007,4,Back-CC;Left-C;Left-C;Back-CC;Down-CC;
5,3,113,88,0,Front-C;Right-CC;Down-CC;
5,5,6583,6540,5,Left-C;Back-CC;Up-C;Back-CC;Up-C;
5,5,15775,15730,20,Left-C;Front-C;Up-C;Right-CC;Back-CC;
5,3,401,376,1,Down-CC;Right-CC;Front-C;
5,5,12931,12888,5,Left-C;Left-C;Front-C;Up-C;Up-C;
6,4,858,826,1,Left-C;Up-C;Up-C;Left-C;
6,4,1050,1014,0,Front-C;Up-C;Right-CC;Back-CC;
6,4,330,292,0,Front-C;Left-C;Front-C;Up-C;
6,2,40,26,1,Right-CC;Down-CC;
6,2,52,34,0,Right-CC;Back-CC;
6,6,205328,205281,117,Down-CC;Left-C;Back-CC;Up-C;Left-C;Down-CC;
6,6,229268,229216,80,Up-C;Back-CC;Right-CC;Front-C;Left-C;Up-C;
6,4,1350,1314,2,Left-C;Left-C;Up-C;Front-C;
6,4,3018,2983,0,Down-CC;Front-C;Front-C;Up-C;
6,4,1434,1401,0,Right-CC;Back-CC;Left-C;Down-CC;
7,3,149,122,0,Front-C;Down-CC;Back-CC;
7,5,15475,15432,3,Up-C;Right-CC;Front-C;Front-C;Down-CC;
7,3,53,25,0,Back-CC;Left-C;Left-C;
7,5,28795,28759,6,Up-C;Left-C;Down-CC;Right-CC;Down-CC;
7,3,185,158,0,Right-CC;Front-C;Right-CC;
7,5,9667,9623,2,Up-C;Up-C;Front-C;Front-C;Right-CC;
7,7,1094121,1094059,279,Left-C;Left-C;Back-CC;Left-C;Up-C;Up-C;Front-C;
7,5,3163,3122,1,Front-C;Down-CC;Left-C;Left-C;Down-CC;
7,5,11779,11743,2,Down-CC;Right-CC;Up-C;Up-C;Right-CC;
7,5,6787,6736,1,Left-C;Front-C;Left-C;Front-C;Front-C;
8,4,1086,1049,1,Right-CC;Front-C;Left-C;Left-C;
8,4,570,529,0,Front-C;Front-C;Left-C;Back-CC;
8,4,1986,1955,0,Right-CC;Up-C;Up-C;Left-C;
8,2,40,22,0,Front-C;Up-C;
8,8,12231430,12231365,2549,Left-C;Up-C;Front-C;Left-C;Up-C;Up-C;Left-C;Down-CC;
8,6,256268,256216,50,Down-CC;Left-C;Front-C;Front-C;Right-CC;Up-C;
8,4,1074,1038,0,Left-C;Up-C;Front-C;Left-C;
8,4,450,414,0,Back-CC;Left-C;Back-CC;Up-C;
8,2,52,33,0,Left-C;Back-CC;
8,6,36404,36355,7,Front-C;Up-C;Up-C;Left-C;Left-C;Down-CC;
9,7,523857,523799,101,Front-C;Down-CC;Right-CC;Front-C;Up-C;Up-C;Right-CC;
9,7,2789793,2789733,530,Down-CC;Front-C;Left-C;Left-C;Up-C;Left-C;Left-C;
9,5,13123,13083,6,Left-C;Down-CC;Back-CC;Right-CC;Up-C;
9,5,6355,6308,1,Back-CC;Right-CC;Back-CC;Left-C;Back-CC;
9,7,415353,415295,81,Front-C;Up-C;Right-CC;Front-C;Down-CC;Left-C;Down-CC;
9,3,209,183,0,Back-CC;Up-C;Left-C;
9,5,11419,11383,2,Right-CC;Up-C;Up-C;Right-CC;Down-CC;
9,5,4099,4055,1,Front-C;Up-C;Right-CC;Up-C;Front-C;
9,3,149,120,0,Left-C;Front-C;Left-C;
9,9,258713819,258713748,50233,Up-C;Back-CC;Left-C;Up-C;Back-CC;Up-C;Up-C;Right-CC;Down-CC;
10,6,141908,141857,28,Up-C;Back-CC;Left-C;Up-C;Front-C;Up-C;
10,6,229016,228958,45,Down-CC;Front-C;Front-C;Right-CC;Front-C;Front-C;
10,4,1242,1210,0,Back-CC;Down-CC;Left-C;Up-C;
10,6,191756,191701,37,Down-CC;Front-C;Front-C;Left-C;Back-CC;Right-CC;
